<?xml version="1.0" encoding="UTF-8"?>
<!-- Generated by org.testng.reporters.JUnitXMLReporter -->
<testsuite hostname="LAPTOP-CLIP7DDS" ignored="0" name="Test" tests="5" failures="0" timestamp="2021-01-31T13:56:30 IST" time="37.23" errors="0">
  <testcase name="chrome" time="4.643" classname="dockerpackage.dockerchrome"/>
  <testcase name="loginbutton" time="1.361" classname="dockerpackage.dockerchrome"/>
  <testcase name="password" time="0.349" classname="dockerpackage.dockerchrome"/>
  <testcase name="password1" time="30.407" classname="dockerpackage.dockerchrome"/>
  <testcase name="tofield" time="0.447" classname="dockerpackage.dockerchrome"/>
</testsuite> <!-- Test -->
